<?xml version="1.0" encoding="UTF-8"?>
<!-- Generated by org.testng.reporters.JUnitReportReporter -->
<testsuite hostname="DESKTOP-P7R3D54" name="com.bankguru.testcase.EditCustomerScript" tests="5" failures="0" timestamp="4 Apr 2019 15:25:04 GMT" time="20.551" errors="0">
  <testcase name="TC_02" time="3.132" classname="com.bankguru.testcase.EditCustomerScript"/>
  <testcase name="TC_05" time="4.765" classname="com.bankguru.testcase.EditCustomerScript"/>
  <testcase name="TC_01" time="3.795" classname="com.bankguru.testcase.EditCustomerScript"/>
  <testcase name="TC_03" time="5.152" classname="com.bankguru.testcase.EditCustomerScript"/>
  <testcase name="TC_04" time="3.707" classname="com.bankguru.testcase.EditCustomerScript"/>
</testsuite> <!-- com.bankguru.testcase.EditCustomerScript -->
