<?xml version="1.0" encoding="UTF-8"?>
<!-- Generated by org.testng.reporters.JUnitReportReporter -->
<testsuite hostname="DESKTOP-P7R3D54" name="com.bankguru.testcase.NewCustomerScript" tests="2" failures="0" timestamp="6 Apr 2019 07:20:34 GMT" time="5.862" errors="0">
  <testcase name="TC_30" time="4.402" classname="com.bankguru.testcase.NewCustomerScript"/>
  <testcase name="TC_01" time="1.460" classname="com.bankguru.testcase.NewCustomerScript"/>
</testsuite> <!-- com.bankguru.testcase.NewCustomerScript -->
