<?xml version="1.0" encoding="UTF-8"?>
<!-- Generated by org.testng.reporters.JUnitReportReporter -->
<testsuite hostname="Ty_Nguyen" name="com.bankguru.testcase.NewCustomerScript" tests="12" failures="0" timestamp="18 Apr 2019 03:30:48 GMT" time="27.602" errors="0">
  <testcase name="TC_04" time="1.282" classname="com.bankguru.testcase.NewCustomerScript"/>
  <testcase name="TC_09" time="0.906" classname="com.bankguru.testcase.NewCustomerScript"/>
  <testcase name="TC_11" time="2.300" classname="com.bankguru.testcase.NewCustomerScript"/>
  <testcase name="TC_12" time="0.930" classname="com.bankguru.testcase.NewCustomerScript"/>
  <testcase name="TC_06" time="3.614" classname="com.bankguru.testcase.NewCustomerScript"/>
  <testcase name="TC_30" time="7.872" classname="com.bankguru.testcase.NewCustomerScript"/>
  <testcase name="TC_05" time="1.575" classname="com.bankguru.testcase.NewCustomerScript"/>
  <testcase name="TC_08" time="1.245" classname="com.bankguru.testcase.NewCustomerScript"/>
  <testcase name="TC_01" time="1.624" classname="com.bankguru.testcase.NewCustomerScript"/>
  <testcase name="TC_03" time="1.918" classname="com.bankguru.testcase.NewCustomerScript"/>
  <testcase name="TC_10" time="3.053" classname="com.bankguru.testcase.NewCustomerScript"/>
  <testcase name="TC_29" time="1.283" classname="com.bankguru.testcase.NewCustomerScript"/>
</testsuite> <!-- com.bankguru.testcase.NewCustomerScript -->
