<?xml version="1.0" encoding="UTF-8"?>
<!-- Generated by org.testng.reporters.JUnitReportReporter -->
<testsuite hostname="DESKTOP-P7R3D54" name="com.bankguru.testcase.EditCustomerScript" tests="14" failures="0" timestamp="6 Apr 2019 07:20:34 GMT" time="49.883" errors="0">
  <testcase name="TC_01" time="2.332" classname="com.bankguru.testcase.EditCustomerScript"/>
  <testcase name="TC_09" time="3.542" classname="com.bankguru.testcase.EditCustomerScript"/>
  <testcase name="TC_12" time="3.670" classname="com.bankguru.testcase.EditCustomerScript"/>
  <testcase name="TC_05" time="3.145" classname="com.bankguru.testcase.EditCustomerScript"/>
  <testcase name="TC_02" time="1.564" classname="com.bankguru.testcase.EditCustomerScript"/>
  <testcase name="TC_03" time="2.571" classname="com.bankguru.testcase.EditCustomerScript"/>
  <testcase name="TC_08" time="5.819" classname="com.bankguru.testcase.EditCustomerScript"/>
  <testcase name="TC_16" time="3.376" classname="com.bankguru.testcase.EditCustomerScript"/>
  <testcase name="TC_04" time="3.193" classname="com.bankguru.testcase.EditCustomerScript"/>
  <testcase name="TC_10" time="3.643" classname="com.bankguru.testcase.EditCustomerScript"/>
  <testcase name="TC_14" time="5.978" classname="com.bankguru.testcase.EditCustomerScript"/>
  <testcase name="TC_20" time="3.242" classname="com.bankguru.testcase.EditCustomerScript"/>
  <testcase name="TC_11" time="3.369" classname="com.bankguru.testcase.EditCustomerScript"/>
  <testcase name="TC_18" time="4.439" classname="com.bankguru.testcase.EditCustomerScript"/>
</testsuite> <!-- com.bankguru.testcase.EditCustomerScript -->
