<?xml version="1.0" encoding="UTF-8"?>
<!-- Generated by org.testng.reporters.JUnitReportReporter -->
<testsuite hostname="DESKTOP-P7R3D54" name="com.bankguru.testcase.NewCustomerScript" tests="10" failures="0" timestamp="31 Mar 2019 10:19:43 GMT" time="10.152" errors="0">
  <testcase name="TC_06" time="0.958" classname="com.bankguru.testcase.NewCustomerScript"/>
  <testcase name="TC_10" time="1.415" classname="com.bankguru.testcase.NewCustomerScript"/>
  <testcase name="TC_02" time="0.966" classname="com.bankguru.testcase.NewCustomerScript"/>
  <testcase name="TC_11" time="0.937" classname="com.bankguru.testcase.NewCustomerScript"/>
  <testcase name="TC_08" time="1.050" classname="com.bankguru.testcase.NewCustomerScript"/>
  <testcase name="TC_01" time="0.976" classname="com.bankguru.testcase.NewCustomerScript"/>
  <testcase name="TC_03" time="0.986" classname="com.bankguru.testcase.NewCustomerScript"/>
  <testcase name="TC_05" time="1.015" classname="com.bankguru.testcase.NewCustomerScript"/>
  <testcase name="TC_04" time="0.944" classname="com.bankguru.testcase.NewCustomerScript"/>
  <testcase name="TC_09" time="0.905" classname="com.bankguru.testcase.NewCustomerScript"/>
</testsuite> <!-- com.bankguru.testcase.NewCustomerScript -->
