<?xml version="1.0" encoding="UTF-8"?>
<!-- Generated by org.testng.reporters.JUnitReportReporter -->
<testsuite hostname="Ty_Nguyen" name="com.bankguru.testcase.EditCustomerScript" tests="14" failures="0" timestamp="18 Apr 2019 03:30:48 GMT" time="43.533" errors="0">
  <testcase name="TC_04" time="1.625" classname="com.bankguru.testcase.EditCustomerScript"/>
  <testcase name="TC_14" time="2.252" classname="com.bankguru.testcase.EditCustomerScript"/>
  <testcase name="TC_16" time="2.100" classname="com.bankguru.testcase.EditCustomerScript"/>
  <testcase name="TC_20" time="6.353" classname="com.bankguru.testcase.EditCustomerScript"/>
  <testcase name="TC_08" time="2.908" classname="com.bankguru.testcase.EditCustomerScript"/>
  <testcase name="TC_02" time="0.780" classname="com.bankguru.testcase.EditCustomerScript"/>
  <testcase name="TC_10" time="5.423" classname="com.bankguru.testcase.EditCustomerScript"/>
  <testcase name="TC_12" time="5.951" classname="com.bankguru.testcase.EditCustomerScript"/>
  <testcase name="TC_11" time="4.108" classname="com.bankguru.testcase.EditCustomerScript"/>
  <testcase name="TC_18" time="3.623" classname="com.bankguru.testcase.EditCustomerScript"/>
  <testcase name="TC_09" time="2.966" classname="com.bankguru.testcase.EditCustomerScript"/>
  <testcase name="TC_05" time="2.555" classname="com.bankguru.testcase.EditCustomerScript"/>
  <testcase name="TC_01" time="1.237" classname="com.bankguru.testcase.EditCustomerScript"/>
  <testcase name="TC_03" time="1.652" classname="com.bankguru.testcase.EditCustomerScript"/>
</testsuite> <!-- com.bankguru.testcase.EditCustomerScript -->
