<?xml version="1.0" encoding="UTF-8"?>
<!-- Generated by org.testng.reporters.JUnitReportReporter -->
<testsuite hostname="Ty_Nguyen" name="com.bankguru.testcase.RegisterScript" tests="1" failures="0" timestamp="18 Apr 2019 03:30:48 GMT" time="2.968" errors="0">
  <testcase name="TC_01" time="2.968" classname="com.bankguru.testcase.RegisterScript"/>
</testsuite> <!-- com.bankguru.testcase.RegisterScript -->
