<?xml version="1.0" encoding="UTF-8"?>
<!-- Generated by org.testng.reporters.JUnitReportReporter -->
<testsuite hostname="DESKTOP-P7R3D54" name="com.bankguru.testcase.NewCustomerScript" tests="32" failures="0" timestamp="4 Apr 2019 16:23:10 GMT" time="59.221" errors="0">
  <testcase name="TC_30" time="1.899" classname="com.bankguru.testcase.NewCustomerScript"/>
  <testcase name="TC_08" time="3.586" classname="com.bankguru.testcase.NewCustomerScript"/>
  <testcase name="TC_22" time="0.939" classname="com.bankguru.testcase.NewCustomerScript"/>
  <testcase name="TC_20" time="0.977" classname="com.bankguru.testcase.NewCustomerScript"/>
  <testcase name="TC_27_4" time="1.058" classname="com.bankguru.testcase.NewCustomerScript"/>
  <testcase name="TC_11" time="0.865" classname="com.bankguru.testcase.NewCustomerScript"/>
  <testcase name="TC_18" time="3.633" classname="com.bankguru.testcase.NewCustomerScript"/>
  <testcase name="TC_27_1" time="4.324" classname="com.bankguru.testcase.NewCustomerScript"/>
  <testcase name="TC_25" time="1.147" classname="com.bankguru.testcase.NewCustomerScript"/>
  <testcase name="TC_15" time="0.971" classname="com.bankguru.testcase.NewCustomerScript"/>
  <testcase name="TC_03" time="0.900" classname="com.bankguru.testcase.NewCustomerScript"/>
  <testcase name="TC_06" time="0.966" classname="com.bankguru.testcase.NewCustomerScript"/>
  <testcase name="TC_10" time="0.936" classname="com.bankguru.testcase.NewCustomerScript"/>
  <testcase name="TC_16_2" time="1.189" classname="com.bankguru.testcase.NewCustomerScript"/>
  <testcase name="TC_13" time="2.980" classname="com.bankguru.testcase.NewCustomerScript"/>
  <testcase name="TC_02" time="3.220" classname="com.bankguru.testcase.NewCustomerScript"/>
  <testcase name="TC_12" time="0.892" classname="com.bankguru.testcase.NewCustomerScript"/>
  <testcase name="TC_01" time="1.050" classname="com.bankguru.testcase.NewCustomerScript"/>
  <testcase name="TC_05" time="3.662" classname="com.bankguru.testcase.NewCustomerScript"/>
  <testcase name="TC_27_3" time="3.186" classname="com.bankguru.testcase.NewCustomerScript"/>
  <testcase name="TC_17" time="3.695" classname="com.bankguru.testcase.NewCustomerScript"/>
  <testcase name="TC_24" time="1.221" classname="com.bankguru.testcase.NewCustomerScript"/>
  <testcase name="TC_27_2" time="3.180" classname="com.bankguru.testcase.NewCustomerScript"/>
  <testcase name="TC_26" time="1.219" classname="com.bankguru.testcase.NewCustomerScript"/>
  <testcase name="TC_09" time="1.997" classname="com.bankguru.testcase.NewCustomerScript"/>
  <testcase name="TC_21" time="1.010" classname="com.bankguru.testcase.NewCustomerScript"/>
  <testcase name="TC_14" time="1.011" classname="com.bankguru.testcase.NewCustomerScript"/>
  <testcase name="TC_04" time="3.332" classname="com.bankguru.testcase.NewCustomerScript"/>
  <testcase name="TC_19" time="1.114" classname="com.bankguru.testcase.NewCustomerScript"/>
  <testcase name="TC_29" time="0.983" classname="com.bankguru.testcase.NewCustomerScript"/>
  <testcase name="TC_27_5" time="1.101" classname="com.bankguru.testcase.NewCustomerScript"/>
  <testcase name="TC_16_1" time="0.978" classname="com.bankguru.testcase.NewCustomerScript"/>
</testsuite> <!-- com.bankguru.testcase.NewCustomerScript -->
