<?xml version="1.0" encoding="UTF-8"?>
<!-- Generated by org.testng.reporters.JUnitReportReporter -->
<testsuite hostname="DESKTOP-P7R3D54" name="com.beecow.testcase.CreateProductScript" tests="1" failures="0" timestamp="21 Apr 2019 14:30:31 GMT" time="9.564" errors="0">
  <testcase name="TC_01" time="9.564" classname="com.beecow.testcase.CreateProductScript"/>
</testsuite> <!-- com.beecow.testcase.CreateProductScript -->
